[25-Nov-2021 19:49:18 UTC] PHP Notice:  Undefined variable: b in /home/code-academy/php/2021-11-25/error.php on line 5
[25-Nov-2021 19:49:19 UTC] PHP Notice:  Undefined variable: b in /home/code-academy/php/2021-11-25/error.php on line 5
[29-Nov-2021 18:19:21 UTC] PHP Notice:  Undefined variable: b in /home/code-academy/php/2021-11-25/error.php on line 5
[29-Nov-2021 18:21:57 UTC] PHP Parse error:  syntax error, unexpected end of file in /home/code-academy/php/2021-11-29/index.php on line 3
[29-Nov-2021 18:22:45 UTC] PHP Parse error:  syntax error, unexpected end of file in /home/code-academy/php/2021-11-29/index.php on line 3
[29-Nov-2021 18:22:46 UTC] PHP Parse error:  syntax error, unexpected end of file in /home/code-academy/php/2021-11-29/index.php on line 3
[29-Nov-2021 18:38:19 UTC] PHP Parse error:  syntax error, unexpected 'echo' (T_ECHO) in /home/code-academy/php/2021-11-29/index.php on line 3
[29-Nov-2021 18:39:02 UTC] PHP Warning:  A non-numeric value encountered in /home/code-academy/php/2021-11-29/index.php on line 3
[29-Nov-2021 18:39:02 UTC] PHP Warning:  A non-numeric value encountered in /home/code-academy/php/2021-11-29/index.php on line 3
[29-Nov-2021 18:39:03 UTC] PHP Warning:  A non-numeric value encountered in /home/code-academy/php/2021-11-29/index.php on line 3
[29-Nov-2021 18:39:03 UTC] PHP Warning:  A non-numeric value encountered in /home/code-academy/php/2021-11-29/index.php on line 3
[29-Nov-2021 18:39:04 UTC] PHP Warning:  A non-numeric value encountered in /home/code-academy/php/2021-11-29/index.php on line 3
[29-Nov-2021 18:39:04 UTC] PHP Warning:  A non-numeric value encountered in /home/code-academy/php/2021-11-29/index.php on line 3
[29-Nov-2021 18:39:04 UTC] PHP Warning:  A non-numeric value encountered in /home/code-academy/php/2021-11-29/index.php on line 3
[29-Nov-2021 18:39:04 UTC] PHP Warning:  A non-numeric value encountered in /home/code-academy/php/2021-11-29/index.php on line 3
[29-Nov-2021 18:39:04 UTC] PHP Warning:  A non-numeric value encountered in /home/code-academy/php/2021-11-29/index.php on line 3
[29-Nov-2021 18:39:04 UTC] PHP Warning:  A non-numeric value encountered in /home/code-academy/php/2021-11-29/index.php on line 3
[29-Nov-2021 18:42:21 UTC] PHP Parse error:  syntax error, unexpected '$bananas' (T_VARIABLE) in /home/code-academy/php/2021-11-29/index.php on line 5
[29-Nov-2021 19:14:15 UTC] PHP Notice:  Undefined variable: nam in /home/code-academy/php/2021-11-29/index.php on line 22
[29-Nov-2021 19:17:02 UTC] PHP Notice:  Undefined variable: namebr in /home/code-academy/php/2021-11-29/index.php on line 27
